<?xml version="1.0" encoding="UTF-8"?>
<!-- Generated by org.testng.reporters.JUnitReportReporter -->
<testsuite hostname="Vias-MacBook-Pro.local" name="com.benstoehrvia.implement.NewTest" tests="1" failures="0" timestamp="24 Jul 2016 10:20:03 GMT" time="17.699" errors="0">
  <testcase name="clickSignUpButton" time="17.699" classname="com.benstoehrvia.implement.NewTest"/>
</testsuite> <!-- com.benstoehrvia.implement.NewTest -->
